
he_cmnlinks.jsp
-------------------------------

he_dblogin.jsp
-------------------------------
Login
Login
login
Login
JDBC
JDBC
JDBC
JDBC
wjISQL
JDBC
JDBC
jdbc
wjISQL
wjISQL
JDBC
wjISQL
JDBC
DBMSs
SQLite
login
SQLite
SQLite
SQLite
JDBC
login
JDBC
JDBC
wjISQL
JDBC
SQLite
wjISQL
Login

he_dblogin_tips.jsp
-------------------------------
SQL
SQL
SQL
SQL
SQL
TCP
IP
TCP
IP
SQL
SQLEXPRESS
TCP
IP
TCP
IP
TCP
IP
IP
IP
IP
IP
IP
TCP
IPALL
JDBC
login
JDBC
SQL
wjISQL
sa
SQL
mssqldb
MSSQLDB
mssqlusr
mssql
SQL

he_main.jsp
-------------------------------
wjISQL
wjISQL

he_main_menu.jsp
-------------------------------
wjISQL
wjISQL
SQL
SQL
JDBC
JSP
wjISQL
RDBMS
SQL
JDBC
JDBC

he_proclist.jsp
-------------------------------
schemas

he_procprop.jsp
-------------------------------

he_results.jsp
-------------------------------
SQL
SQL
SQL
SQL
SQL
SQL
SQL
SNO
SQL
SQL
SQL
SQL
nullable
SQL
Datatype
MySQL
MariaDB
PostgreSQL
SQLite
SQL
VARCHAR
NCHAR
NVARCHAR
CLOB
NCLOB
SMALLINT
BIGINT
Datetime
TIMESTAMP
VARBINARY
SQL
BIGSERIAL
BYTEA
DATETIME
DATETIME
DATETIMEOFFSET
MEDIUMINT
NTEXT
NVARCHAR
SMALLDATETIME
SMALLMONEY
SMALLSERIAL
TINYINT
VARCHAR
VARCHAR
VARBINARY
Datatype
MySQL
MariaDB
PostgreSQL
SQLite
SQL
SQL
ENUM
MySQL
SQL
SQLite
VARCHAR
SQLite
SQLite
wjISQL

he_sqlstmt.jsp
-------------------------------
SQL
SQL
SQL
SQL
SQL
SQL
SQL
SQL
SQL
SQL
SQL
SQL
SQL
SQL
SQL
SQL
SQL
SQL
SQL
SQL
SQL
SQL
SQL
SQL
SQL
SQL
SQL
SQL
SQL
SQL
SQL
SQL
SQL
autocommit
SQL

he_tblindexes.jsp
-------------------------------

he_tbllist.jsp
-------------------------------
login
SQL
schemas

he_tblprop.jsp
-------------------------------

he_title.jsp
-------------------------------

he_transfer_destination.jsp
-------------------------------
SQL
schemas
SNO
wjISQL
SQL

he_transfer.jsp
-------------------------------
wjISQL
nullable
wjISQL
wjISQL

he_transfer_source.jsp
-------------------------------
SQL
schemas
SNO
wjISQL
SQL

he_what_isit.jsp
-------------------------------
wjISQL
SQL
SQL
JDBC

rn_wjisql.jsp
-------------------------------
wjISQL
wjISQL
wjISQL
github
wjISQL
RDBMS
MariaDB
Login
JDBC
PostgreSQL
SQL
SQL
SQL
SQL
SQL
SQL
SQL
JDBC
PostgreSQL
SQLite
SQLite
SQLite
MariaDB
MariaDB
MariaDB
MySQL
wjISQL
wjISQL
RDBMSs
SNO
RDBMS
JDBC
LTS
MySQL
LTS
SQLite
LTS
PostgreSQL
PostgreSQL
SQLite
SQL
SNO
LTS
LTS
SQL
SQL
SQL
SQL
SQL
SQL
SQL
SQL
SQL
SQL
SQL
SQL
SQL
SQL
SQL
SQL
SQLite
login
SQLite
Login
SQLite
JSP
wji
src
wji
jsp
tblprop
jsp
SQLite
JDBC
Login
login
wjISQL
login
login
MySql
Login
login
Login
login
JDBC
login
Login
SQLite
SQL
SQL
SQL
SQL
SQL
SQL
JDBC
PostgreSQL
wjISQL
Login
login
Login
SNO
SNO
SQLite
wjISQL
SQLite
procprop
jsp
ANDs
login
Multi
MySQL
SQL
SQL
SQL
SQL
SQL
SQL
SQL
JDBC
PostgreSQL
wjISQL
wjISQL
SQL
MySQL
PostgreSQL
SQLite
SQL
SQL
SQL
SQL
SQL
resultset
TEXTAREA
resultset
TEXTAREA
resultset
nullable
resultset
wjISQL
resultset
resultset
SQLite
SQLite
Login
Login
SQL
SQL
wjISQL
wjISQL
wjISQL
nullable
wjISQL
SQLite
MySQL
wjISQL
BLOBs
CLOBs
CLOB
wjISQL
PostgreSQL
login
Login
PostgreSQL
SQL
INOUT
SQL
SQL
SQL
SQL
SQL
JDBC
PostgreSQL
wjISQL
SQLite
wjISQL
SQLite
JDBC
LONGVARBINARY
RDBMSs
login
SQL
LOBs
SQLite
CLOBs
wjISQL
SQL
login
wjISQL
SQL
SQL
SQL
wjISQL
queper
util
wjISQL
SDK
SQL
wjISQL
JDK
wjISQL
wjISQL
MySQL
wjISQL
wjISQL
login
wjISQL
login
SQL
wjISQL
wjISQL
PostgreSQL
login
wjISQL
login
wjISQL
DBMSInfo
wjISQL
login
wjISQL
wjISQL
login
login
login
login

ug_ch_01_intro.jsp
-------------------------------
wjISQL
wjISQL
wjISQL
wjISQL
SQL
wjISQL
SQL
wjISQL
wjISQL
wjISQL
SQL
SQL
SQL
SQL
SQL
SQL
SQL
login
login
login
SQL
login
SQL

ug_ch_02_sw_reqmts.jsp
-------------------------------
wjISQL
JRE
JDK
JDBC
wjISQL
wjISQL
wjISQL
JDBC
JDBC
JDBC
wjISQL
JDBC
JDBC
JDBC
JDBC
webapps
wjisql
JDBC

ug_ch_03_connecting.jsp
-------------------------------
JDBC
JDBC
SQLite
login
login
login
login
IP
jdbc
login
login
SQLite
msc
JDBC
webapps
wjisql
JDBC
DBMSs
JDBC
wjISQL
JDBC
Login
login
IP
RDBMS

ug_ch_04_browsing.jsp
-------------------------------
login
schemas
nullable
SQL
SQL
schemas
nullable

ug_ch_05_executing.jsp
-------------------------------
SQL
SQL
SQL
wjISQL
SQL
SQL
SQL
SQL
SQL
wjISQL
SQL
SQL
SQL
SQL
SQL
SQL
SQL
SQL
SQL
SQL
wjISQL
SQL
SQL
SQL
SQL
SQL
SQL
SQL
SQL
sql
webapps
wjisql
wji
src
wji
Tomacat
SQL
SQL
SQL
SQL
SQL
SQL
SQL
SQL
SQL
SQL
SQL
wjISQL
SQL

ug_ch_06_data_transfer.jsp
-------------------------------
wjISQL
wjISQL
DBMSs
SQL
wjISQL
schemas

ug_toc.jsp
-------------------------------
SQL
wjISQL
JDBC
JDBC
